# JRE version: OpenJDK Runtime Environment Temurin-21.0.8+9 (21.0.8+9) (build 21.0.8+9-LTS)
# Java VM: OpenJDK 64-Bit Server VM Temurin-21.0.8+9 (21.0.8+9-LTS, mixed mode, sharing, tiered, compressed oops, compressed class ptrs, parallel gc, windows-amd64)
GC Precious Log:
 CardTable entry size: 512
 CPUs: 12 total, 12 available
 Memory: 16105M
 Large Page Support: Disabled
 NUMA Support: Disabled
 Compressed Oops: Enabled (32-bit)
 Alignments: Space 512K, Generation 512K, Heap 2M
 Heap Min Capacity: 100M
 Heap Initial Capacity: 100M
 Heap Max Capacity: 2G
 Pre-touch: Disabled
 Parallel Workers: 10
Heap:
 PSYoungGen      total 24064K, used 11753K [0x00000000d5580000, 0x00000000d7880000, 0x0000000100000000)
  eden space 16384K, 27% used [0x00000000d5580000,0x00000000d59d2568,0x00000000d6580000)
  from space 7680K, 95% used [0x00000000d6700000,0x00000000d6e28000,0x00000000d6e80000)
  to   space 9728K, 0% used [0x00000000d6f00000,0x00000000d6f00000,0x00000000d7880000)
 ParOldGen       total 97792K, used 97420K [0x0000000080000000, 0x0000000085f80000, 0x00000000d5580000)
  object space 97792K, 99% used [0x0000000080000000,0x0000000085f23108,0x0000000085f80000)
 Metaspace       used 51389K, committed 52544K, reserved 1114112K
  class space    used 5674K, committed 6144K, reserved 1048576K
GC Heap History (20 events):
Event: 4.694 GC heap before
{Heap before GC invocations=18 (full 2):
 PSYoungGen      total 23552K, used 22944K [0x00000000d5580000, 0x00000000d7000000, 0x0000000100000000)
  eden space 22016K, 100% used [0x00000000d5580000,0x00000000d6b00000,0x00000000d6b00000)
  from space 1536K, 60% used [0x00000000d6d80000,0x00000000d6e68000,0x00000000d6f00000)
  to   space 1024K, 0% used [0x00000000d6f00000,0x00000000d6f00000,0x00000000d7000000)
 ParOldGen       total 68608K, used 19725K [0x0000000080000000, 0x0000000084300000, 0x00000000d5580000)
  object space 68608K, 28% used [0x0000000080000000,0x00000000813435f0,0x0000000084300000)
 Metaspace       used 41539K, committed 42688K, reserved 1114112K
  class space    used 4495K, committed 4992K, reserved 1048576K
}
Event: 4.695 GC heap after
{Heap after GC invocations=18 (full 2):
 PSYoungGen      total 23040K, used 841K [0x00000000d5580000, 0x00000000d7000000, 0x0000000100000000)
  eden space 22016K, 0% used [0x00000000d5580000,0x00000000d5580000,0x00000000d6b00000)
  from space 1024K, 82% used [0x00000000d6f00000,0x00000000d6fd2460,0x00000000d7000000)
  to   space 1024K, 0% used [0x00000000d6e00000,0x00000000d6e00000,0x00000000d6f00000)
 ParOldGen       total 68608K, used 20373K [0x0000000080000000, 0x0000000084300000, 0x00000000d5580000)
  object space 68608K, 29% used [0x0000000080000000,0x00000000813e55f0,0x0000000084300000)
 Metaspace       used 41539K, committed 42688K, reserved 1114112K
  class space    used 4495K, committed 4992K, reserved 1048576K
}
Event: 4.882 GC heap before
{Heap before GC invocations=19 (full 2):
 PSYoungGen      total 23040K, used 22778K [0x00000000d5580000, 0x00000000d7000000, 0x0000000100000000)
  eden space 22016K, 99% used [0x00000000d5580000,0x00000000d6aec560,0x00000000d6b00000)
  from space 1024K, 82% used [0x00000000d6f00000,0x00000000d6fd2460,0x00000000d7000000)
  to   space 1024K, 0% used [0x00000000d6e00000,0x00000000d6e00000,0x00000000d6f00000)
 ParOldGen       total 68608K, used 20373K [0x0000000080000000, 0x0000000084300000, 0x00000000d5580000)
  object space 68608K, 29% used [0x0000000080000000,0x00000000813e55f0,0x0000000084300000)
 Metaspace       used 43899K, committed 45120K, reserved 1114112K
  class space    used 4786K, committed 5312K, reserved 1048576K
}
Event: 4.884 GC heap after
{Heap after GC invocations=19 (full 2):
 PSYoungGen      total 23040K, used 1009K [0x00000000d5580000, 0x00000000d6f80000, 0x0000000100000000)
  eden space 22016K, 0% used [0x00000000d5580000,0x00000000d5580000,0x00000000d6b00000)
  from space 1024K, 98% used [0x00000000d6e00000,0x00000000d6efc4a0,0x00000000d6f00000)
  to   space 512K, 0% used [0x00000000d6f00000,0x00000000d6f00000,0x00000000d6f80000)
 ParOldGen       total 68608K, used 21047K [0x0000000080000000, 0x0000000084300000, 0x00000000d5580000)
  object space 68608K, 30% used [0x0000000080000000,0x000000008148de28,0x0000000084300000)
 Metaspace       used 43899K, committed 45120K, reserved 1114112K
  class space    used 4786K, committed 5312K, reserved 1048576K
}
Event: 5.135 GC heap before
{Heap before GC invocations=20 (full 2):
 PSYoungGen      total 23040K, used 23025K [0x00000000d5580000, 0x00000000d6f80000, 0x0000000100000000)
  eden space 22016K, 100% used [0x00000000d5580000,0x00000000d6b00000,0x00000000d6b00000)
  from space 1024K, 98% used [0x00000000d6e00000,0x00000000d6efc4a0,0x00000000d6f00000)
  to   space 512K, 0% used [0x00000000d6f00000,0x00000000d6f00000,0x00000000d6f80000)
 ParOldGen       total 68608K, used 21047K [0x0000000080000000, 0x0000000084300000, 0x00000000d5580000)
  object space 68608K, 30% used [0x0000000080000000,0x000000008148de28,0x0000000084300000)
 Metaspace       used 46082K, committed 47232K, reserved 1114112K
  class space    used 5090K, committed 5568K, reserved 1048576K
}
Event: 5.136 GC heap after
{Heap after GC invocations=20 (full 2):
 PSYoungGen      total 22528K, used 496K [0x00000000d5580000, 0x00000000d7200000, 0x0000000100000000)
  eden space 22016K, 0% used [0x00000000d5580000,0x00000000d5580000,0x00000000d6b00000)
  from space 512K, 96% used [0x00000000d6f00000,0x00000000d6f7c028,0x00000000d6f80000)
  to   space 3584K, 0% used [0x00000000d6b00000,0x00000000d6b00000,0x00000000d6e80000)
 ParOldGen       total 68608K, used 23595K [0x0000000080000000, 0x0000000084300000, 0x00000000d5580000)
  object space 68608K, 34% used [0x0000000080000000,0x000000008170ae68,0x0000000084300000)
 Metaspace       used 46082K, committed 47232K, reserved 1114112K
  class space    used 5090K, committed 5568K, reserved 1048576K
}
Event: 5.428 GC heap before
{Heap before GC invocations=21 (full 2):
 PSYoungGen      total 22528K, used 22511K [0x00000000d5580000, 0x00000000d7200000, 0x0000000100000000)
  eden space 22016K, 99% used [0x00000000d5580000,0x00000000d6afffc8,0x00000000d6b00000)
  from space 512K, 96% used [0x00000000d6f00000,0x00000000d6f7c028,0x00000000d6f80000)
  to   space 3584K, 0% used [0x00000000d6b00000,0x00000000d6b00000,0x00000000d6e80000)
 ParOldGen       total 68608K, used 23595K [0x0000000080000000, 0x0000000084300000, 0x00000000d5580000)
  object space 68608K, 34% used [0x0000000080000000,0x000000008170ae68,0x0000000084300000)
 Metaspace       used 48664K, committed 49856K, reserved 1114112K
  class space    used 5398K, committed 5888K, reserved 1048576K
}
Event: 5.430 GC heap after
{Heap after GC invocations=21 (full 2):
 PSYoungGen      total 23552K, used 1337K [0x00000000d5580000, 0x00000000d6f80000, 0x0000000100000000)
  eden space 22016K, 0% used [0x00000000d5580000,0x00000000d5580000,0x00000000d6b00000)
  from space 1536K, 87% used [0x00000000d6b00000,0x00000000d6c4e5e0,0x00000000d6c80000)
  to   space 2048K, 0% used [0x00000000d6d80000,0x00000000d6d80000,0x00000000d6f80000)
 ParOldGen       total 68608K, used 24103K [0x0000000080000000, 0x0000000084300000, 0x00000000d5580000)
  object space 68608K, 35% used [0x0000000080000000,0x0000000081789ed0,0x0000000084300000)
 Metaspace       used 48664K, committed 49856K, reserved 1114112K
  class space    used 5398K, committed 5888K, reserved 1048576K
}
Event: 5.933 GC heap before
{Heap before GC invocations=22 (full 2):
 PSYoungGen      total 23552K, used 23353K [0x00000000d5580000, 0x00000000d6f80000, 0x0000000100000000)
  eden space 22016K, 100% used [0x00000000d5580000,0x00000000d6b00000,0x00000000d6b00000)
  from space 1536K, 87% used [0x00000000d6b00000,0x00000000d6c4e5e0,0x00000000d6c80000)
  to   space 2048K, 0% used [0x00000000d6d80000,0x00000000d6d80000,0x00000000d6f80000)
 ParOldGen       total 68608K, used 24103K [0x0000000080000000, 0x0000000084300000, 0x00000000d5580000)
  object space 68608K, 35% used [0x0000000080000000,0x0000000081789ed0,0x0000000084300000)
 Metaspace       used 50028K, committed 51136K, reserved 1114112K
  class space    used 5534K, committed 6016K, reserved 1048576K
}
Event: 5.935 GC heap after
{Heap after GC invocations=22 (full 2):
 PSYoungGen      total 23040K, used 768K [0x00000000d5580000, 0x00000000d6e80000, 0x0000000100000000)
  eden space 22016K, 0% used [0x00000000d5580000,0x00000000d5580000,0x00000000d6b00000)
  from space 1024K, 75% used [0x00000000d6d80000,0x00000000d6e40000,0x00000000d6e80000)
  to   space 1536K, 0% used [0x00000000d6b80000,0x00000000d6b80000,0x00000000d6d00000)
 ParOldGen       total 68608K, used 25178K [0x0000000080000000, 0x0000000084300000, 0x00000000d5580000)
  object space 68608K, 36% used [0x0000000080000000,0x0000000081896b90,0x0000000084300000)
 Metaspace       used 50028K, committed 51136K, reserved 1114112K
  class space    used 5534K, committed 6016K, reserved 1048576K
}
Event: 6.307 GC heap before
{Heap before GC invocations=23 (full 2):
 PSYoungGen      total 23040K, used 21442K [0x00000000d5580000, 0x00000000d6e80000, 0x0000000100000000)
  eden space 22016K, 93% used [0x00000000d5580000,0x00000000d69b09b0,0x00000000d6b00000)
  from space 1024K, 75% used [0x00000000d6d80000,0x00000000d6e40000,0x00000000d6e80000)
  to   space 1536K, 0% used [0x00000000d6b80000,0x00000000d6b80000,0x00000000d6d00000)
 ParOldGen       total 68608K, used 25178K [0x0000000080000000, 0x0000000084300000, 0x00000000d5580000)
  object space 68608K, 36% used [0x0000000080000000,0x0000000081896b90,0x0000000084300000)
 Metaspace       used 50735K, committed 51904K, reserved 1114112K
  class space    used 5621K, committed 6080K, reserved 1048576K
}
Event: 6.309 GC heap after
{Heap after GC invocations=23 (full 2):
 PSYoungGen      total 23552K, used 1429K [0x00000000d5580000, 0x00000000d6f00000, 0x0000000100000000)
  eden space 22016K, 0% used [0x00000000d5580000,0x00000000d5580000,0x00000000d6b00000)
  from space 1536K, 93% used [0x00000000d6b80000,0x00000000d6ce57b8,0x00000000d6d00000)
  to   space 2048K, 0% used [0x00000000d6d00000,0x00000000d6d00000,0x00000000d6f00000)
 ParOldGen       total 68608K, used 28416K [0x0000000080000000, 0x0000000084300000, 0x00000000d5580000)
  object space 68608K, 41% used [0x0000000080000000,0x0000000081bc0378,0x0000000084300000)
 Metaspace       used 50735K, committed 51904K, reserved 1114112K
  class space    used 5621K, committed 6080K, reserved 1048576K
}
Event: 6.418 GC heap before
{Heap before GC invocations=24 (full 2):
 PSYoungGen      total 23552K, used 23445K [0x00000000d5580000, 0x00000000d6f00000, 0x0000000100000000)
  eden space 22016K, 100% used [0x00000000d5580000,0x00000000d6b00000,0x00000000d6b00000)
  from space 1536K, 93% used [0x00000000d6b80000,0x00000000d6ce57b8,0x00000000d6d00000)
  to   space 2048K, 0% used [0x00000000d6d00000,0x00000000d6d00000,0x00000000d6f00000)
 ParOldGen       total 68608K, used 65755K [0x0000000080000000, 0x0000000084300000, 0x00000000d5580000)
  object space 68608K, 95% used [0x0000000080000000,0x0000000084036ec8,0x0000000084300000)
 Metaspace       used 50751K, committed 51904K, reserved 1114112K
  class space    used 5624K, committed 6080K, reserved 1048576K
}
Event: 6.422 GC heap after
{Heap after GC invocations=24 (full 2):
 PSYoungGen      total 18432K, used 2048K [0x00000000d5580000, 0x00000000d7a00000, 0x0000000100000000)
  eden space 16384K, 0% used [0x00000000d5580000,0x00000000d5580000,0x00000000d6580000)
  from space 2048K, 100% used [0x00000000d6d00000,0x00000000d6f00000,0x00000000d6f00000)
  to   space 7680K, 0% used [0x00000000d6580000,0x00000000d6580000,0x00000000d6d00000)
 ParOldGen       total 70144K, used 70068K [0x0000000080000000, 0x0000000084480000, 0x00000000d5580000)
  object space 70144K, 99% used [0x0000000080000000,0x000000008446d108,0x0000000084480000)
 Metaspace       used 50751K, committed 51904K, reserved 1114112K
  class space    used 5624K, committed 6080K, reserved 1048576K
}
Event: 6.455 GC heap before
{Heap before GC invocations=25 (full 2):
 PSYoungGen      total 18432K, used 18432K [0x00000000d5580000, 0x00000000d7a00000, 0x0000000100000000)
  eden space 16384K, 100% used [0x00000000d5580000,0x00000000d6580000,0x00000000d6580000)
  from space 2048K, 100% used [0x00000000d6d00000,0x00000000d6f00000,0x00000000d6f00000)
  to   space 7680K, 0% used [0x00000000d6580000,0x00000000d6580000,0x00000000d6d00000)
 ParOldGen       total 70144K, used 70068K [0x0000000080000000, 0x0000000084480000, 0x00000000d5580000)
  object space 70144K, 99% used [0x0000000080000000,0x000000008446d108,0x0000000084480000)
 Metaspace       used 50751K, committed 51904K, reserved 1114112K
  class space    used 5624K, committed 6080K, reserved 1048576K
}
Event: 6.462 GC heap after
{Heap after GC invocations=25 (full 2):
 PSYoungGen      total 24064K, used 7680K [0x00000000d5580000, 0x00000000d8580000, 0x0000000100000000)
  eden space 16384K, 0% used [0x00000000d5580000,0x00000000d5580000,0x00000000d6580000)
  from space 7680K, 100% used [0x00000000d6580000,0x00000000d6d00000,0x00000000d6d00000)
  to   space 16384K, 0% used [0x00000000d7580000,0x00000000d7580000,0x00000000d8580000)
 ParOldGen       total 77312K, used 77100K [0x0000000080000000, 0x0000000084b80000, 0x00000000d5580000)
  object space 77312K, 99% used [0x0000000080000000,0x0000000084b4b108,0x0000000084b80000)
 Metaspace       used 50751K, committed 51904K, reserved 1114112K
  class space    used 5624K, committed 6080K, reserved 1048576K
}
Event: 6.490 GC heap before
{Heap before GC invocations=26 (full 2):
 PSYoungGen      total 24064K, used 24064K [0x00000000d5580000, 0x00000000d8580000, 0x0000000100000000)
  eden space 16384K, 100% used [0x00000000d5580000,0x00000000d6580000,0x00000000d6580000)
  from space 7680K, 100% used [0x00000000d6580000,0x00000000d6d00000,0x00000000d6d00000)
  to   space 16384K, 0% used [0x00000000d7580000,0x00000000d7580000,0x00000000d8580000)
 ParOldGen       total 77312K, used 77100K [0x0000000080000000, 0x0000000084b80000, 0x00000000d5580000)
  object space 77312K, 99% used [0x0000000080000000,0x0000000084b4b108,0x0000000084b80000)
 Metaspace       used 50751K, committed 51904K, reserved 1114112K
  class space    used 5624K, committed 6080K, reserved 1048576K
}
Event: 6.500 GC heap after
{Heap after GC invocations=26 (full 2):
 PSYoungGen      total 29184K, used 12672K [0x00000000d5580000, 0x00000000d8200000, 0x0000000100000000)
  eden space 16384K, 0% used [0x00000000d5580000,0x00000000d5580000,0x00000000d6580000)
  from space 12800K, 99% used [0x00000000d7580000,0x00000000d81e0000,0x00000000d8200000)
  to   space 13824K, 0% used [0x00000000d6700000,0x00000000d6700000,0x00000000d7480000)
 ParOldGen       total 84992K, used 84836K [0x0000000080000000, 0x0000000085300000, 0x00000000d5580000)
  object space 84992K, 99% used [0x0000000080000000,0x00000000852d9108,0x0000000085300000)
 Metaspace       used 50751K, committed 51904K, reserved 1114112K
  class space    used 5624K, committed 6080K, reserved 1048576K
}
Event: 5613.232 GC heap before
{Heap before GC invocations=27 (full 2):
 PSYoungGen      total 29184K, used 29055K [0x00000000d5580000, 0x00000000d8200000, 0x0000000100000000)
  eden space 16384K, 99% used [0x00000000d5580000,0x00000000d657ff70,0x00000000d6580000)
  from space 12800K, 99% used [0x00000000d7580000,0x00000000d81e0000,0x00000000d8200000)
  to   space 13824K, 0% used [0x00000000d6700000,0x00000000d6700000,0x00000000d7480000)
 ParOldGen       total 84992K, used 84836K [0x0000000080000000, 0x0000000085300000, 0x00000000d5580000)
  object space 84992K, 99% used [0x0000000080000000,0x00000000852d9108,0x0000000085300000)
 Metaspace       used 51232K, committed 52416K, reserved 1114112K
  class space    used 5666K, committed 6144K, reserved 1048576K
}
Event: 5613.252 GC heap after
{Heap after GC invocations=27 (full 2):
 PSYoungGen      total 24064K, used 7328K [0x00000000d5580000, 0x00000000d7880000, 0x0000000100000000)
  eden space 16384K, 0% used [0x00000000d5580000,0x00000000d5580000,0x00000000d6580000)
  from space 7680K, 95% used [0x00000000d6700000,0x00000000d6e28000,0x00000000d6e80000)
  to   space 9728K, 0% used [0x00000000d6f00000,0x00000000d6f00000,0x00000000d7880000)
 ParOldGen       total 97792K, used 97420K [0x0000000080000000, 0x0000000085f80000, 0x00000000d5580000)
  object space 97792K, 99% used [0x0000000080000000,0x0000000085f23108,0x0000000085f80000)
 Metaspace       used 51232K, committed 52416K, reserved 1114112K
  class space    used 5666K, committed 6144K, reserved 1048576K
}

